<?xml version="1.0" encoding="UTF-8"?>
<!-- Generated by org.testng.reporters.JUnitReportReporter -->
<testsuite skipped="0" hostname="Sumit-QA" name="automationForWeInvestTestCases.AllWeatherStrategyTest" tests="1" failures="0" timestamp="23 Nov 2020 08:48:14 GMT" time="18.191" errors="0">
  <testcase name="checkAllWeatherStrategyHeading" time="18.191" classname="automationForWeInvestTestCases.AllWeatherStrategyTest"/>
</testsuite> <!-- automationForWeInvestTestCases.AllWeatherStrategyTest -->
