<?xml version="1.0" encoding="UTF-8"?>
<!-- Generated by org.testng.reporters.JUnitReportReporter -->
<testsuite skipped="0" hostname="Sumit-QA" name="automationForWeInvestTestCases.AllWeatherStrategyTest" tests="1" failures="0" timestamp="21 Nov 2020 16:28:10 GMT" time="115.930" errors="0">
  <testcase name="checkAllWeatherStrategyHeading" time="115.930" classname="automationForWeInvestTestCases.AllWeatherStrategyTest"/>
</testsuite> <!-- automationForWeInvestTestCases.AllWeatherStrategyTest -->
