<?xml version="1.0" encoding="UTF-8"?>
<!-- Generated by org.testng.reporters.JUnitReportReporter -->
<testsuite skipped="0" hostname="Sumit-QA" name="automationForWeInvestTestCases.CustomizedPortfolioTest" tests="1" failures="0" timestamp="21 Nov 2020 16:30:04 GMT" time="21.707" errors="0">
  <testcase name="checkPortfolioPerformanceGraph" time="21.707" classname="automationForWeInvestTestCases.CustomizedPortfolioTest"/>
</testsuite> <!-- automationForWeInvestTestCases.CustomizedPortfolioTest -->
