<?xml version="1.0" encoding="UTF-8"?>
<!-- Generated by org.testng.reporters.JUnitReportReporter -->
<testsuite skipped="0" hostname="Sumit-QA" name="automationForWeInvestTestCases.CustomizedPortfolioTest" tests="1" failures="0" timestamp="22 Nov 2020 10:08:08 GMT" time="27.949" errors="0">
  <testcase name="redirectInvestNowPage" time="27.949" classname="automationForWeInvestTestCases.CustomizedPortfolioTest"/>
</testsuite> <!-- automationForWeInvestTestCases.CustomizedPortfolioTest -->
