<?xml version="1.0" encoding="UTF-8"?>
<!-- Generated by org.testng.reporters.JUnitReportReporter -->
<testsuite skipped="0" hostname="Sumit-QA" name="automationForWeInvestTestCases.CustomizedPortfolioTest" tests="1" failures="0" timestamp="23 Nov 2020 08:48:14 GMT" time="47.927" errors="0">
  <testcase name="checkPortfolioPerformanceGraph" time="47.927" classname="automationForWeInvestTestCases.CustomizedPortfolioTest"/>
</testsuite> <!-- automationForWeInvestTestCases.CustomizedPortfolioTest -->
