<?xml version="1.0" encoding="UTF-8"?>
<!-- Generated by org.testng.reporters.JUnitReportReporter -->
<testsuite skipped="0" hostname="Sumit-QA" name="automationForWeInvestTestCases.LandingPageTest" tests="1" failures="0" timestamp="21 Nov 2020 16:28:10 GMT" time="15.610" errors="0">
  <testcase name="landingPageTitleTest" time="15.610" classname="automationForWeInvestTestCases.LandingPageTest"/>
</testsuite> <!-- automationForWeInvestTestCases.LandingPageTest -->
